<?xml version="1.0" encoding="UTF-8"?>
<testsuite name="TestUser" tests="1" skipped="0" failures="0" errors="0" timestamp="2022-01-13T20:55:24" hostname="HLi.local" time="0.001">
  <properties/>
  <testcase name="TestAUser" classname="TestUser" time="0.001"/>
  <system-out><![CDATA[]]></system-out>
  <system-err><![CDATA[]]></system-err>
</testsuite>
